\BOOKMARK [1][-]{section*.2}{\376\377\000S\000y\000s\000t\000e\000m}{}% 1
\BOOKMARK [2][-]{section*.3}{\376\377\000D\000i\000c\000e}{section*.2}% 2
\BOOKMARK [2][-]{section*.4}{\376\377\000C\000h\000a\000r\000a\000c\000t\000e\000r\000i\000s\000t\000i\000c\000\040\000s\000c\000o\000r\000e\000s}{section*.2}% 3
\BOOKMARK [3][-]{section*.5}{\376\377\000M\000e\000l\000e\000e\000\040\000w\000e\000a\000p\000o\000n\000\040\000s\000t\000r\000e\000n\000g\000t\000h}{section*.4}% 4
\BOOKMARK [3][-]{section*.6}{\376\377\000R\000a\000n\000g\000e\000d\000\040\000w\000e\000a\000p\000o\000n\000\040\000s\000t\000r\000e\000n\000g\000t\000h}{section*.4}% 5
\BOOKMARK [3][-]{section*.7}{\376\377\000S\000t\000r\000e\000n\000g\000t\000h}{section*.4}% 6
\BOOKMARK [3][-]{section*.8}{\376\377\000A\000g\000i\000l\000i\000t\000y}{section*.4}% 7
\BOOKMARK [3][-]{section*.9}{\376\377\000T\000o\000u\000g\000h\000n\000e\000s\000s}{section*.4}% 8
\BOOKMARK [3][-]{section*.10}{\376\377\000M\000i\000n\000d}{section*.4}% 9
\BOOKMARK [3][-]{section*.11}{\376\377\000C\000h\000a\000r\000i\000s\000m\000a}{section*.4}% 10
\BOOKMARK [3][-]{section*.12}{\376\377\000P\000e\000r\000c\000e\000p\000t\000i\000o\000n}{section*.4}% 11
\BOOKMARK [2][-]{section*.13}{\376\377\000C\000h\000e\000c\000k\000s}{section*.2}% 12
\BOOKMARK [3][-]{section*.14}{\376\377\000B\000a\000s\000i\000c\000\040\000\046\000\040\000c\000h\000a\000r\000a\000c\000t\000e\000r\000i\000s\000t\000i\000c\000\040\000c\000h\000e\000c\000k\000s}{section*.13}% 13
\BOOKMARK [3][-]{section*.15}{\376\377\000S\000k\000i\000l\000l\000\040\000c\000h\000e\000c\000k\000s}{section*.13}% 14
\BOOKMARK [3][-]{section*.16}{\376\377\000U\000n\000t\000r\000a\000i\000n\000e\000d\000\040\000s\000k\000i\000l\000l\000\040\000c\000h\000e\000c\000k\000s}{section*.13}% 15
\BOOKMARK [3][-]{section*.17}{\376\377\000O\000p\000p\000o\000s\000i\000n\000g\000\040\000c\000h\000e\000c\000k\000s}{section*.13}% 16
\BOOKMARK [2][-]{section*.18}{\376\377\000S\000k\000i\000l\000l\000s}{section*.2}% 17
\BOOKMARK [3][-]{section*.19}{\376\377\000S\000k\000i\000l\000l\000\040\000p\000r\000o\000g\000r\000e\000s\000s\000i\000o\000n}{section*.18}% 18
\BOOKMARK [1][-]{section*.20}{\376\377\000C\000o\000m\000b\000a\000t}{}% 19
\BOOKMARK [2][-]{section*.21}{\376\377\000D\000a\000m\000a\000g\000e\000\040\000s\000y\000s\000t\000e\000m}{section*.20}% 20
\BOOKMARK [3][-]{section*.22}{\376\377\000W\000o\000u\000n\000d\000s}{section*.21}% 21
\BOOKMARK [3][-]{section*.23}{\376\377\000M\000o\000r\000t\000a\000l\000\040\000D\000a\000m\000a\000g\000e}{section*.21}% 22
\BOOKMARK [3][-]{section*.24}{\376\377\000W\000e\000a\000p\000o\000n\000s}{section*.21}% 23
\BOOKMARK [3][-]{section*.25}{\376\377\000A\000r\000m\000o\000u\000r}{section*.21}% 24
\BOOKMARK [2][-]{section*.26}{\376\377\000M\000o\000d\000i\000f\000i\000e\000r\000s}{section*.20}% 25
\BOOKMARK [3][-]{section*.27}{\376\377\000S\000t\000a\000t\000u\000s\000\040\000E\000f\000f\000e\000c\000t\000s}{section*.26}% 26
\BOOKMARK [2][-]{section*.28}{\376\377\000C\000o\000m\000b\000a\000t\000\040\000F\000l\000o\000w}{section*.20}% 27
\BOOKMARK [3][-]{section*.29}{\376\377\000I\000n\000i\000t\000i\000a\000t\000i\000n\000g\000\040\000C\000o\000m\000b\000a\000t}{section*.28}% 28
\BOOKMARK [3][-]{section*.30}{\376\377\000T\000u\000r\000n\000\040\000a\000c\000t\000i\000o\000n\000s}{section*.28}% 29
\BOOKMARK [1][-]{section*.31}{\376\377\000C\000l\000a\000s\000s\000e\000s}{}% 30
\BOOKMARK [2][-]{section*.32}{\376\377\000C\000l\000a\000s\000s\000\040\000G\000e\000n\000e\000r\000a\000l\000i\000s\000a\000t\000i\000o\000n}{section*.31}% 31
\BOOKMARK [3][-]{section*.33}{\376\377\000S\000k\000i\000l\000l\000s}{section*.32}% 32
\BOOKMARK [3][-]{section*.34}{\376\377\000E\000q\000u\000i\000p\000m\000e\000n\000t}{section*.32}% 33
\BOOKMARK [3][-]{section*.35}{\376\377\000C\000l\000a\000s\000s\000\040\000F\000e\000a\000t\000u\000r\000e}{section*.32}% 34
\BOOKMARK [2][-]{section*.36}{\376\377\000C\000h\000a\000n\000n\000e\000l\000l\000e\000r}{section*.31}% 35
\BOOKMARK [2][-]{section*.37}{\376\377\000F\000i\000g\000h\000t\000e\000r}{section*.31}% 36
\BOOKMARK [2][-]{section*.38}{\376\377\000M\000a\000g\000i\000c\000i\000a\000n}{section*.31}% 37
\BOOKMARK [2][-]{section*.39}{\376\377\000N\000o\000n\000e}{section*.31}% 38
\BOOKMARK [2][-]{section*.40}{\376\377\000R\000o\000g\000u\000e}{section*.31}% 39
\BOOKMARK [1][-]{section*.41}{\376\377\000E\000q\000u\000i\000p\000m\000e\000n\000t}{}% 40
\BOOKMARK [2][-]{section*.42}{\376\377\000W\000e\000a\000p\000o\000n\000\040\000C\000l\000a\000s\000s\000i\000f\000i\000c\000a\000t\000i\000o\000n}{section*.41}% 41
\BOOKMARK [3][-]{section*.43}{\376\377\000L\000i\000g\000h\000t\000\040\000M\000e\000l\000e\000e}{section*.42}% 42
\BOOKMARK [3][-]{section*.44}{\376\377\000L\000i\000g\000h\000t\000\040\000R\000a\000n\000g\000e\000d}{section*.42}% 43
\BOOKMARK [3][-]{section*.45}{\376\377\000N\000o\000r\000m\000a\000l\000\040\000M\000e\000l\000e\000e}{section*.42}% 44
\BOOKMARK [3][-]{section*.46}{\376\377\000N\000o\000r\000m\000a\000l\000\040\000R\000a\000n\000g\000e\000d}{section*.42}% 45
\BOOKMARK [3][-]{section*.47}{\376\377\000U\000n\000a\000r\000m\000e\000d\000\040\000M\000e\000l\000e\000e}{section*.42}% 46
\BOOKMARK [3][-]{section*.48}{\376\377\000U\000n\000a\000r\000m\000e\000d\000\040\000R\000a\000n\000g\000e\000d}{section*.42}% 47
\BOOKMARK [2][-]{section*.49}{\376\377\000A\000r\000m\000o\000u\000r\000\040\000C\000l\000a\000s\000s\000i\000f\000i\000c\000a\000t\000i\000o\000n}{section*.41}% 48
\BOOKMARK [3][-]{section*.50}{\376\377\000L\000i\000g\000h\000t}{section*.49}% 49
\BOOKMARK [3][-]{section*.51}{\376\377\000M\000e\000d\000i\000u\000m}{section*.49}% 50
\BOOKMARK [3][-]{section*.52}{\376\377\000H\000e\000a\000v\000y}{section*.49}% 51
\BOOKMARK [3][-]{section*.53}{\376\377\000S\000h\000i\000e\000l\000d\000s}{section*.49}% 52
\BOOKMARK [1][-]{section*.54}{\376\377\000M\000a\000g\000i\000c}{}% 53
\BOOKMARK [2][-]{section*.55}{\376\377\000T\000e\000c\000h\000n\000i\000q\000u\000e\000s}{section*.54}% 54
\BOOKMARK [2][-]{section*.56}{\376\377\000A\000s\000p\000e\000c\000t\000s}{section*.54}% 55
\BOOKMARK [2][-]{section*.57}{\376\377\000F\000o\000r\000m\000s}{section*.54}% 56
